<?xml version="1.0" encoding="UTF-8"?>
<testsuite name="com.mindex.challenge.service.impl.EmployeeServiceImplTest" tests="1" skipped="0" failures="0" errors="0" timestamp="2024-11-21T16:05:09" hostname="MITCH_DELL" time="0.184">
  <properties/>
  <testcase name="testCreateReadUpdate" classname="com.mindex.challenge.service.impl.EmployeeServiceImplTest" time="0.184"/>
  <system-out><![CDATA[2024-11-21 11:05:08.337  INFO 20148 --- [    Test worker] .b.t.c.SpringBootTestContextBootstrapper : Neither @ContextConfiguration nor @ContextHierarchy found for test class [com.mindex.challenge.service.impl.EmployeeServiceImplTest], using SpringBootContextLoader
2024-11-21 11:05:08.337  INFO 20148 --- [    Test worker] o.s.t.c.support.AbstractContextLoader    : Could not detect default resource locations for test class [com.mindex.challenge.service.impl.EmployeeServiceImplTest]: no resource found for suffixes {-context.xml, Context.groovy}.
2024-11-21 11:05:08.337  INFO 20148 --- [    Test worker] t.c.s.AnnotationConfigContextLoaderUtils : Could not detect default configuration classes for test class [com.mindex.challenge.service.impl.EmployeeServiceImplTest]: EmployeeServiceImplTest does not declare any static, non-private, non-final, nested classes annotated with @Configuration.
2024-11-21 11:05:08.341  INFO 20148 --- [    Test worker] .b.t.c.SpringBootTestContextBootstrapper : Found @SpringBootConfiguration com.mindex.challenge.ChallengeApplication for test class com.mindex.challenge.service.impl.EmployeeServiceImplTest
2024-11-21 11:05:08.341  INFO 20148 --- [    Test worker] .b.t.c.SpringBootTestContextBootstrapper : Loaded default TestExecutionListener class names from location [META-INF/spring.factories]: [org.springframework.boot.test.autoconfigure.restdocs.RestDocsTestExecutionListener, org.springframework.boot.test.autoconfigure.web.client.MockRestServiceServerResetTestExecutionListener, org.springframework.boot.test.autoconfigure.web.servlet.MockMvcPrintOnlyOnFailureTestExecutionListener, org.springframework.boot.test.autoconfigure.web.servlet.WebDriverTestExecutionListener, org.springframework.boot.test.mock.mockito.MockitoTestExecutionListener, org.springframework.boot.test.mock.mockito.ResetMocksTestExecutionListener, org.springframework.test.context.web.ServletTestExecutionListener, org.springframework.test.context.support.DirtiesContextBeforeModesTestExecutionListener, org.springframework.test.context.support.DependencyInjectionTestExecutionListener, org.springframework.test.context.support.DirtiesContextTestExecutionListener, org.springframework.test.context.transaction.TransactionalTestExecutionListener, org.springframework.test.context.jdbc.SqlScriptsTestExecutionListener, org.springframework.test.context.event.EventPublishingTestExecutionListener]
2024-11-21 11:05:08.341  INFO 20148 --- [    Test worker] .b.t.c.SpringBootTestContextBootstrapper : Using TestExecutionListeners: [org.springframework.test.context.web.ServletTestExecutionListener@24fb76fe, org.springframework.test.context.support.DirtiesContextBeforeModesTestExecutionListener@2bfc4cfb, org.springframework.boot.test.mock.mockito.MockitoTestExecutionListener@4b722815, org.springframework.boot.test.autoconfigure.SpringBootDependencyInjectionTestExecutionListener@73266f18, org.springframework.test.context.support.DirtiesContextTestExecutionListener@c95bb04, org.springframework.test.context.transaction.TransactionalTestExecutionListener@4547b5f9, org.springframework.test.context.jdbc.SqlScriptsTestExecutionListener@1faf0fc4, org.springframework.test.context.event.EventPublishingTestExecutionListener@5f31ed86, org.springframework.boot.test.autoconfigure.restdocs.RestDocsTestExecutionListener@7edd30ff, org.springframework.boot.test.autoconfigure.web.client.MockRestServiceServerResetTestExecutionListener@64dbaa0, org.springframework.boot.test.autoconfigure.web.servlet.MockMvcPrintOnlyOnFailureTestExecutionListener@617b5482, org.springframework.boot.test.autoconfigure.web.servlet.WebDriverTestExecutionListener@31f6d8f6, org.springframework.boot.test.mock.mockito.ResetMocksTestExecutionListener@26bb5cff]

  .   ____          _            __ _ _
 /\\ / ___'_ __ _ _(_)_ __  __ _ \ \ \ \
( ( )\___ | '_ | '_| | '_ \/ _` | \ \ \ \
 \\/  ___)| |_)| | | | | || (_| |  ) ) ) )
  '  |____| .__|_| |_|_| |_\__, | / / / /
 =========|_|==============|___/=/_/_/_/
 :: Spring Boot ::        (v2.2.0.RELEASE)

2024-11-21 11:05:08.370  INFO 20148 --- [    Test worker] c.m.c.s.impl.EmployeeServiceImplTest     : Starting EmployeeServiceImplTest on Mitch_Dell with PID 20148 (started by Mitchell in C:\Users\Mitchell\OneDrive\Documents\Job_Search\Mindex_code_challenge\mindex-java-code-challenge\mindex-java-code-challenge)
2024-11-21 11:05:08.370 DEBUG 20148 --- [    Test worker] c.m.c.s.impl.EmployeeServiceImplTest     : Running with Spring Boot v2.2.0.RELEASE, Spring v5.2.0.RELEASE
2024-11-21 11:05:08.370  INFO 20148 --- [    Test worker] c.m.c.s.impl.EmployeeServiceImplTest     : No active profile set, falling back to default profiles: default
2024-11-21 11:05:08.486  INFO 20148 --- [    Test worker] .s.d.r.c.RepositoryConfigurationDelegate : Bootstrapping Spring Data repositories in DEFAULT mode.
2024-11-21 11:05:08.486  INFO 20148 --- [    Test worker] .s.d.r.c.RepositoryConfigurationDelegate : Finished Spring Data repository scanning in 6ms. Found 2 repository interfaces.
2024-11-21 11:05:08.718  INFO 20148 --- [    Test worker] o.s.b.w.embedded.tomcat.TomcatWebServer  : Tomcat initialized with port(s): 0 (http)
2024-11-21 11:05:08.726  INFO 20148 --- [    Test worker] o.apache.catalina.core.StandardService   : Starting service [Tomcat]
2024-11-21 11:05:08.726  INFO 20148 --- [    Test worker] org.apache.catalina.core.StandardEngine  : Starting Servlet engine: [Apache Tomcat/9.0.27]
2024-11-21 11:05:08.840  INFO 20148 --- [    Test worker] o.a.c.c.C.[Tomcat].[localhost].[/]       : Initializing Spring embedded WebApplicationContext
2024-11-21 11:05:08.840  INFO 20148 --- [    Test worker] o.s.web.context.ContextLoader            : Root WebApplicationContext: initialization completed in 470 ms
2024-11-21 11:05:08.958  INFO 20148 --- [    Test worker] de.bwaldvogel.mongo.MongoServer          : started MongoServer(port: 63030, ssl: false)
2024-11-21 11:05:08.962  INFO 20148 --- [    Test worker] org.mongodb.driver.cluster               : Cluster created with settings {hosts=[127.0.0.1:63030], mode=SINGLE, requiredClusterType=UNKNOWN, serverSelectionTimeout='30000 ms', maxWaitQueueSize=500}
2024-11-21 11:05:08.966  INFO 20148 --- [-server-worker1] d.b.mongo.wire.MongoWireProtocolHandler  : client [id: 0xafcffb70, L:/127.0.0.1:63030 - R:/127.0.0.1:63031] connected
2024-11-21 11:05:08.968  WARN 20148 --- [    Test worker] o.s.data.convert.CustomConversions       : Registering converter from class java.time.LocalDateTime to class java.time.Instant as reading converter although it doesn't convert from a store-supported type! You might wanna check you annotation setup at the converter implementation.
2024-11-21 11:05:08.968  WARN 20148 --- [    Test worker] o.s.data.convert.CustomConversions       : Registering converter from class java.time.Instant to class java.time.LocalDateTime as reading converter although it doesn't convert from a store-supported type! You might wanna check you annotation setup at the converter implementation.
2024-11-21 11:05:08.971  WARN 20148 --- [    Test worker] o.s.data.convert.CustomConversions       : Registering converter from class java.time.LocalDateTime to class java.time.Instant as reading converter although it doesn't convert from a store-supported type! You might wanna check you annotation setup at the converter implementation.
2024-11-21 11:05:08.971  WARN 20148 --- [    Test worker] o.s.data.convert.CustomConversions       : Registering converter from class java.time.Instant to class java.time.LocalDateTime as reading converter although it doesn't convert from a store-supported type! You might wanna check you annotation setup at the converter implementation.
2024-11-21 11:05:08.972  INFO 20148 --- [127.0.0.1:63030] org.mongodb.driver.connection            : Opened connection [connectionId{localValue:3}] to 127.0.0.1:63030
2024-11-21 11:05:08.972  INFO 20148 --- [127.0.0.1:63030] org.mongodb.driver.cluster               : Monitor thread successfully connected to server with description ServerDescription{address=127.0.0.1:63030, type=STANDALONE, state=CONNECTED, ok=true, version=ServerVersion{versionList=[3, 0, 0]}, minWireVersion=0, maxWireVersion=2, maxDocumentSize=16777216, logicalSessionTimeoutMinutes=null, roundTripTimeNanos=631200}
2024-11-21 11:05:09.022  INFO 20148 --- [-server-worker2] d.b.mongo.wire.MongoWireProtocolHandler  : client [id: 0x25810951, L:/127.0.0.1:63030 - R:/127.0.0.1:63032] connected
2024-11-21 11:05:09.039  INFO 20148 --- [    Test worker] org.mongodb.driver.connection            : Opened connection [connectionId{localValue:4}] to 127.0.0.1:63030
2024-11-21 11:05:09.043  INFO 20148 --- [-server-worker2] d.b.mongo.backend.AbstractMongoBackend   : created database test
2024-11-21 11:05:09.043  INFO 20148 --- [-server-worker2] d.b.mongo.backend.AbstractMongoDatabase  : adding unique _id index for collection employee
2024-11-21 11:05:09.044  INFO 20148 --- [-server-worker2] d.b.mongo.backend.AbstractMongoDatabase  : created collection test.employee
2024-11-21 11:05:09.167  INFO 20148 --- [    Test worker] o.s.s.concurrent.ThreadPoolTaskExecutor  : Initializing ExecutorService 'applicationTaskExecutor'
2024-11-21 11:05:09.267  WARN 20148 --- [    Test worker] o.s.data.convert.CustomConversions       : Registering converter from class java.time.LocalDateTime to class java.time.Instant as reading converter although it doesn't convert from a store-supported type! You might wanna check you annotation setup at the converter implementation.
2024-11-21 11:05:09.267  WARN 20148 --- [    Test worker] o.s.data.convert.CustomConversions       : Registering converter from class java.time.Instant to class java.time.LocalDateTime as reading converter although it doesn't convert from a store-supported type! You might wanna check you annotation setup at the converter implementation.
2024-11-21 11:05:09.306  WARN 20148 --- [    Test worker] o.s.data.convert.CustomConversions       : Registering converter from class java.time.LocalDateTime to class java.time.Instant as reading converter although it doesn't convert from a store-supported type! You might wanna check you annotation setup at the converter implementation.
2024-11-21 11:05:09.306  WARN 20148 --- [    Test worker] o.s.data.convert.CustomConversions       : Registering converter from class java.time.Instant to class java.time.LocalDateTime as reading converter although it doesn't convert from a store-supported type! You might wanna check you annotation setup at the converter implementation.
2024-11-21 11:05:09.396  INFO 20148 --- [    Test worker] o.s.b.w.embedded.tomcat.TomcatWebServer  : Tomcat started on port(s): 63033 (http) with context path ''
2024-11-21 11:05:09.401  INFO 20148 --- [    Test worker] c.m.c.s.impl.EmployeeServiceImplTest     : Started EmployeeServiceImplTest in 1.048 seconds (JVM running for 4.926)
2024-11-21 11:05:09.497  INFO 20148 --- [o-auto-1-exec-1] o.a.c.c.C.[Tomcat].[localhost].[/]       : Initializing Spring DispatcherServlet 'dispatcherServlet'
2024-11-21 11:05:09.497  INFO 20148 --- [o-auto-1-exec-1] o.s.web.servlet.DispatcherServlet        : Initializing Servlet 'dispatcherServlet'
2024-11-21 11:05:09.512  INFO 20148 --- [o-auto-1-exec-1] o.s.web.servlet.DispatcherServlet        : Completed initialization in 15 ms
2024-11-21 11:05:09.544 DEBUG 20148 --- [o-auto-1-exec-1] c.m.c.controller.EmployeeController      : Received employee create request for [com.mindex.challenge.data.Employee@141b4bee]
2024-11-21 11:05:09.544 DEBUG 20148 --- [o-auto-1-exec-1] c.m.c.service.impl.EmployeeServiceImpl   : Creating employee [com.mindex.challenge.data.Employee@141b4bee]
2024-11-21 11:05:09.563 DEBUG 20148 --- [o-auto-1-exec-2] c.m.c.controller.EmployeeController      : Received employee create request for id [23d8a1cc-1805-4527-a4fa-a1cf51d8e9c1]
2024-11-21 11:05:09.563 DEBUG 20148 --- [o-auto-1-exec-2] c.m.c.service.impl.EmployeeServiceImpl   : Creating employee with id [23d8a1cc-1805-4527-a4fa-a1cf51d8e9c1]
2024-11-21 11:05:09.576 DEBUG 20148 --- [o-auto-1-exec-3] c.m.c.controller.EmployeeController      : Received employee create request for id [23d8a1cc-1805-4527-a4fa-a1cf51d8e9c1] and employee [com.mindex.challenge.data.Employee@85081b9]
2024-11-21 11:05:09.576 DEBUG 20148 --- [o-auto-1-exec-3] c.m.c.service.impl.EmployeeServiceImpl   : Updating employee [com.mindex.challenge.data.Employee@85081b9]
]]></system-out>
  <system-err><![CDATA[]]></system-err>
</testsuite>
