<?xml version="1.0" encoding="UTF-8"?>
<testsuite name="com.mindex.challenge.DataBootstrapTest" tests="1" skipped="0" failures="0" errors="0" timestamp="2024-11-20T20:09:36" hostname="MITCH_DELL" time="0.04">
  <properties/>
  <testcase name="test" classname="com.mindex.challenge.DataBootstrapTest" time="0.04"/>
  <system-out><![CDATA[2024-11-20 15:09:36.598  INFO 19452 --- [    Test worker] .b.t.c.SpringBootTestContextBootstrapper : Neither @ContextConfiguration nor @ContextHierarchy found for test class [com.mindex.challenge.DataBootstrapTest], using SpringBootContextLoader
2024-11-20 15:09:36.611  INFO 19452 --- [    Test worker] o.s.t.c.support.AbstractContextLoader    : Could not detect default resource locations for test class [com.mindex.challenge.DataBootstrapTest]: no resource found for suffixes {-context.xml, Context.groovy}.
2024-11-20 15:09:36.611  INFO 19452 --- [    Test worker] t.c.s.AnnotationConfigContextLoaderUtils : Could not detect default configuration classes for test class [com.mindex.challenge.DataBootstrapTest]: DataBootstrapTest does not declare any static, non-private, non-final, nested classes annotated with @Configuration.
2024-11-20 15:09:36.611  INFO 19452 --- [    Test worker] .b.t.c.SpringBootTestContextBootstrapper : Found @SpringBootConfiguration com.mindex.challenge.ChallengeApplication for test class com.mindex.challenge.DataBootstrapTest
2024-11-20 15:09:36.611  INFO 19452 --- [    Test worker] .b.t.c.SpringBootTestContextBootstrapper : Loaded default TestExecutionListener class names from location [META-INF/spring.factories]: [org.springframework.boot.test.autoconfigure.restdocs.RestDocsTestExecutionListener, org.springframework.boot.test.autoconfigure.web.client.MockRestServiceServerResetTestExecutionListener, org.springframework.boot.test.autoconfigure.web.servlet.MockMvcPrintOnlyOnFailureTestExecutionListener, org.springframework.boot.test.autoconfigure.web.servlet.WebDriverTestExecutionListener, org.springframework.boot.test.mock.mockito.MockitoTestExecutionListener, org.springframework.boot.test.mock.mockito.ResetMocksTestExecutionListener, org.springframework.test.context.web.ServletTestExecutionListener, org.springframework.test.context.support.DirtiesContextBeforeModesTestExecutionListener, org.springframework.test.context.support.DependencyInjectionTestExecutionListener, org.springframework.test.context.support.DirtiesContextTestExecutionListener, org.springframework.test.context.transaction.TransactionalTestExecutionListener, org.springframework.test.context.jdbc.SqlScriptsTestExecutionListener, org.springframework.test.context.event.EventPublishingTestExecutionListener]
2024-11-20 15:09:36.611  INFO 19452 --- [    Test worker] .b.t.c.SpringBootTestContextBootstrapper : Using TestExecutionListeners: [org.springframework.test.context.web.ServletTestExecutionListener@3aadeff, org.springframework.test.context.support.DirtiesContextBeforeModesTestExecutionListener@3806e3c, org.springframework.boot.test.mock.mockito.MockitoTestExecutionListener@3db40dc, org.springframework.boot.test.autoconfigure.SpringBootDependencyInjectionTestExecutionListener@47bc684a, org.springframework.test.context.support.DirtiesContextTestExecutionListener@12340b64, org.springframework.test.context.transaction.TransactionalTestExecutionListener@12457690, org.springframework.test.context.jdbc.SqlScriptsTestExecutionListener@4b4119a4, org.springframework.test.context.event.EventPublishingTestExecutionListener@6f9bd6be, org.springframework.boot.test.autoconfigure.restdocs.RestDocsTestExecutionListener@5d469f02, org.springframework.boot.test.autoconfigure.web.client.MockRestServiceServerResetTestExecutionListener@640e83cc, org.springframework.boot.test.autoconfigure.web.servlet.MockMvcPrintOnlyOnFailureTestExecutionListener@27c13ad0, org.springframework.boot.test.autoconfigure.web.servlet.WebDriverTestExecutionListener@165e36b0, org.springframework.boot.test.mock.mockito.ResetMocksTestExecutionListener@7f0915f6]
]]></system-out>
  <system-err><![CDATA[]]></system-err>
</testsuite>
