<?xml version="1.0" encoding="UTF-8"?>
<testsuite name="com.mindex.challenge.service.impl.EmployeeServiceImplTest" tests="1" skipped="0" failures="0" errors="0" timestamp="2024-11-20T15:16:21" hostname="MITCH_DELL" time="0.165">
  <properties/>
  <testcase name="testCreateReadUpdate" classname="com.mindex.challenge.service.impl.EmployeeServiceImplTest" time="0.165"/>
  <system-out><![CDATA[2024-11-20 10:16:20.057  INFO 4212 --- [    Test worker] .b.t.c.SpringBootTestContextBootstrapper : Neither @ContextConfiguration nor @ContextHierarchy found for test class [com.mindex.challenge.service.impl.EmployeeServiceImplTest], using SpringBootContextLoader
2024-11-20 10:16:20.057  INFO 4212 --- [    Test worker] o.s.t.c.support.AbstractContextLoader    : Could not detect default resource locations for test class [com.mindex.challenge.service.impl.EmployeeServiceImplTest]: no resource found for suffixes {-context.xml, Context.groovy}.
2024-11-20 10:16:20.057  INFO 4212 --- [    Test worker] t.c.s.AnnotationConfigContextLoaderUtils : Could not detect default configuration classes for test class [com.mindex.challenge.service.impl.EmployeeServiceImplTest]: EmployeeServiceImplTest does not declare any static, non-private, non-final, nested classes annotated with @Configuration.
2024-11-20 10:16:20.072  INFO 4212 --- [    Test worker] .b.t.c.SpringBootTestContextBootstrapper : Found @SpringBootConfiguration com.mindex.challenge.ChallengeApplication for test class com.mindex.challenge.service.impl.EmployeeServiceImplTest
2024-11-20 10:16:20.073  INFO 4212 --- [    Test worker] .b.t.c.SpringBootTestContextBootstrapper : Loaded default TestExecutionListener class names from location [META-INF/spring.factories]: [org.springframework.boot.test.autoconfigure.restdocs.RestDocsTestExecutionListener, org.springframework.boot.test.autoconfigure.web.client.MockRestServiceServerResetTestExecutionListener, org.springframework.boot.test.autoconfigure.web.servlet.MockMvcPrintOnlyOnFailureTestExecutionListener, org.springframework.boot.test.autoconfigure.web.servlet.WebDriverTestExecutionListener, org.springframework.boot.test.mock.mockito.MockitoTestExecutionListener, org.springframework.boot.test.mock.mockito.ResetMocksTestExecutionListener, org.springframework.test.context.web.ServletTestExecutionListener, org.springframework.test.context.support.DirtiesContextBeforeModesTestExecutionListener, org.springframework.test.context.support.DependencyInjectionTestExecutionListener, org.springframework.test.context.support.DirtiesContextTestExecutionListener, org.springframework.test.context.transaction.TransactionalTestExecutionListener, org.springframework.test.context.jdbc.SqlScriptsTestExecutionListener, org.springframework.test.context.event.EventPublishingTestExecutionListener]
2024-11-20 10:16:20.073  INFO 4212 --- [    Test worker] .b.t.c.SpringBootTestContextBootstrapper : Using TestExecutionListeners: [org.springframework.test.context.web.ServletTestExecutionListener@352bed36, org.springframework.test.context.support.DirtiesContextBeforeModesTestExecutionListener@366ffeff, org.springframework.boot.test.mock.mockito.MockitoTestExecutionListener@68bb93ee, org.springframework.boot.test.autoconfigure.SpringBootDependencyInjectionTestExecutionListener@2165d4f2, org.springframework.test.context.support.DirtiesContextTestExecutionListener@4bcddfb5, org.springframework.test.context.transaction.TransactionalTestExecutionListener@21c4835, org.springframework.test.context.jdbc.SqlScriptsTestExecutionListener@368c8f7b, org.springframework.test.context.event.EventPublishingTestExecutionListener@39c11f1c, org.springframework.boot.test.autoconfigure.restdocs.RestDocsTestExecutionListener@1cd45fe6, org.springframework.boot.test.autoconfigure.web.client.MockRestServiceServerResetTestExecutionListener@7c69e1a9, org.springframework.boot.test.autoconfigure.web.servlet.MockMvcPrintOnlyOnFailureTestExecutionListener@2e4c5e08, org.springframework.boot.test.autoconfigure.web.servlet.WebDriverTestExecutionListener@1f449d22, org.springframework.boot.test.mock.mockito.ResetMocksTestExecutionListener@21d1da43]

  .   ____          _            __ _ _
 /\\ / ___'_ __ _ _(_)_ __  __ _ \ \ \ \
( ( )\___ | '_ | '_| | '_ \/ _` | \ \ \ \
 \\/  ___)| |_)| | | | | || (_| |  ) ) ) )
  '  |____| .__|_| |_|_| |_\__, | / / / /
 =========|_|==============|___/=/_/_/_/
 :: Spring Boot ::        (v2.2.0.RELEASE)

2024-11-20 10:16:20.089  INFO 4212 --- [    Test worker] c.m.c.s.impl.EmployeeServiceImplTest     : Starting EmployeeServiceImplTest on Mitch_Dell with PID 4212 (started by Mitchell in C:\Users\Mitchell\OneDrive\Documents\Job_Search\Mindex_code_challenge\mindex-java-code-challenge\mindex-java-code-challenge)
2024-11-20 10:16:20.089 DEBUG 4212 --- [    Test worker] c.m.c.s.impl.EmployeeServiceImplTest     : Running with Spring Boot v2.2.0.RELEASE, Spring v5.2.0.RELEASE
2024-11-20 10:16:20.089  INFO 4212 --- [    Test worker] c.m.c.s.impl.EmployeeServiceImplTest     : No active profile set, falling back to default profiles: default
2024-11-20 10:16:20.248  INFO 4212 --- [    Test worker] .s.d.r.c.RepositoryConfigurationDelegate : Bootstrapping Spring Data repositories in DEFAULT mode.
2024-11-20 10:16:20.248  INFO 4212 --- [    Test worker] .s.d.r.c.RepositoryConfigurationDelegate : Finished Spring Data repository scanning in 6ms. Found 2 repository interfaces.
2024-11-20 10:16:20.514  INFO 4212 --- [    Test worker] o.s.b.w.embedded.tomcat.TomcatWebServer  : Tomcat initialized with port(s): 0 (http)
2024-11-20 10:16:20.527  INFO 4212 --- [    Test worker] o.apache.catalina.core.StandardService   : Starting service [Tomcat]
2024-11-20 10:16:20.527  INFO 4212 --- [    Test worker] org.apache.catalina.core.StandardEngine  : Starting Servlet engine: [Apache Tomcat/9.0.27]
2024-11-20 10:16:20.634  INFO 4212 --- [    Test worker] o.a.c.c.C.[Tomcat].[localhost].[/]       : Initializing Spring embedded WebApplicationContext
2024-11-20 10:16:20.634  INFO 4212 --- [    Test worker] o.s.web.context.ContextLoader            : Root WebApplicationContext: initialization completed in 526 ms
2024-11-20 10:16:20.745  INFO 4212 --- [    Test worker] de.bwaldvogel.mongo.MongoServer          : started MongoServer(port: 55987, ssl: false)
2024-11-20 10:16:20.745  INFO 4212 --- [    Test worker] org.mongodb.driver.cluster               : Cluster created with settings {hosts=[127.0.0.1:55987], mode=SINGLE, requiredClusterType=UNKNOWN, serverSelectionTimeout='30000 ms', maxWaitQueueSize=500}
2024-11-20 10:16:20.745  INFO 4212 --- [-server-worker1] d.b.mongo.wire.MongoWireProtocolHandler  : client [id: 0xf6176cb1, L:/127.0.0.1:55987 - R:/127.0.0.1:55988] connected
2024-11-20 10:16:20.760  WARN 4212 --- [    Test worker] o.s.data.convert.CustomConversions       : Registering converter from class java.time.LocalDateTime to class java.time.Instant as reading converter although it doesn't convert from a store-supported type! You might wanna check you annotation setup at the converter implementation.
2024-11-20 10:16:20.760  WARN 4212 --- [    Test worker] o.s.data.convert.CustomConversions       : Registering converter from class java.time.Instant to class java.time.LocalDateTime as reading converter although it doesn't convert from a store-supported type! You might wanna check you annotation setup at the converter implementation.
2024-11-20 10:16:20.760  WARN 4212 --- [    Test worker] o.s.data.convert.CustomConversions       : Registering converter from class java.time.LocalDateTime to class java.time.Instant as reading converter although it doesn't convert from a store-supported type! You might wanna check you annotation setup at the converter implementation.
2024-11-20 10:16:20.760  WARN 4212 --- [    Test worker] o.s.data.convert.CustomConversions       : Registering converter from class java.time.Instant to class java.time.LocalDateTime as reading converter although it doesn't convert from a store-supported type! You might wanna check you annotation setup at the converter implementation.
2024-11-20 10:16:20.760  INFO 4212 --- [127.0.0.1:55987] org.mongodb.driver.connection            : Opened connection [connectionId{localValue:3}] to 127.0.0.1:55987
2024-11-20 10:16:20.760  INFO 4212 --- [127.0.0.1:55987] org.mongodb.driver.cluster               : Monitor thread successfully connected to server with description ServerDescription{address=127.0.0.1:55987, type=STANDALONE, state=CONNECTED, ok=true, version=ServerVersion{versionList=[3, 0, 0]}, minWireVersion=0, maxWireVersion=2, maxDocumentSize=16777216, logicalSessionTimeoutMinutes=null, roundTripTimeNanos=930500}
2024-11-20 10:16:20.792  INFO 4212 --- [-server-worker2] d.b.mongo.wire.MongoWireProtocolHandler  : client [id: 0x692fa55b, L:/127.0.0.1:55987 - R:/127.0.0.1:55989] connected
2024-11-20 10:16:20.808  INFO 4212 --- [    Test worker] org.mongodb.driver.connection            : Opened connection [connectionId{localValue:4}] to 127.0.0.1:55987
2024-11-20 10:16:20.808  INFO 4212 --- [-server-worker2] d.b.mongo.backend.AbstractMongoBackend   : created database test
2024-11-20 10:16:20.808  INFO 4212 --- [-server-worker2] d.b.mongo.backend.AbstractMongoDatabase  : adding unique _id index for collection employee
2024-11-20 10:16:20.808  INFO 4212 --- [-server-worker2] d.b.mongo.backend.AbstractMongoDatabase  : created collection test.employee
2024-11-20 10:16:20.919  INFO 4212 --- [    Test worker] o.s.s.concurrent.ThreadPoolTaskExecutor  : Initializing ExecutorService 'applicationTaskExecutor'
2024-11-20 10:16:21.018  WARN 4212 --- [    Test worker] o.s.data.convert.CustomConversions       : Registering converter from class java.time.LocalDateTime to class java.time.Instant as reading converter although it doesn't convert from a store-supported type! You might wanna check you annotation setup at the converter implementation.
2024-11-20 10:16:21.018  WARN 4212 --- [    Test worker] o.s.data.convert.CustomConversions       : Registering converter from class java.time.Instant to class java.time.LocalDateTime as reading converter although it doesn't convert from a store-supported type! You might wanna check you annotation setup at the converter implementation.
2024-11-20 10:16:21.030  WARN 4212 --- [    Test worker] o.s.data.convert.CustomConversions       : Registering converter from class java.time.LocalDateTime to class java.time.Instant as reading converter although it doesn't convert from a store-supported type! You might wanna check you annotation setup at the converter implementation.
2024-11-20 10:16:21.030  WARN 4212 --- [    Test worker] o.s.data.convert.CustomConversions       : Registering converter from class java.time.Instant to class java.time.LocalDateTime as reading converter although it doesn't convert from a store-supported type! You might wanna check you annotation setup at the converter implementation.
2024-11-20 10:16:21.093  INFO 4212 --- [    Test worker] o.s.b.w.embedded.tomcat.TomcatWebServer  : Tomcat started on port(s): 55990 (http) with context path ''
2024-11-20 10:16:21.093  INFO 4212 --- [    Test worker] c.m.c.s.impl.EmployeeServiceImplTest     : Started EmployeeServiceImplTest in 1.021 seconds (JVM running for 4.804)
2024-11-20 10:16:21.189  INFO 4212 --- [o-auto-1-exec-1] o.a.c.c.C.[Tomcat].[localhost].[/]       : Initializing Spring DispatcherServlet 'dispatcherServlet'
2024-11-20 10:16:21.189  INFO 4212 --- [o-auto-1-exec-1] o.s.web.servlet.DispatcherServlet        : Initializing Servlet 'dispatcherServlet'
2024-11-20 10:16:21.205  INFO 4212 --- [o-auto-1-exec-1] o.s.web.servlet.DispatcherServlet        : Completed initialization in 16 ms
2024-11-20 10:16:21.236 DEBUG 4212 --- [o-auto-1-exec-1] c.m.c.controller.EmployeeController      : Received employee create request for [com.mindex.challenge.data.Employee@40e86d52]
2024-11-20 10:16:21.236 DEBUG 4212 --- [o-auto-1-exec-1] c.m.c.service.impl.EmployeeServiceImpl   : Creating employee [com.mindex.challenge.data.Employee@40e86d52]
2024-11-20 10:16:21.252 DEBUG 4212 --- [o-auto-1-exec-2] c.m.c.controller.EmployeeController      : Received employee create request for id [f2b3dd2e-13c0-46b4-9dae-dc6b289d7fc6]
2024-11-20 10:16:21.252 DEBUG 4212 --- [o-auto-1-exec-2] c.m.c.service.impl.EmployeeServiceImpl   : Creating employee with id [f2b3dd2e-13c0-46b4-9dae-dc6b289d7fc6]
2024-11-20 10:16:21.252 DEBUG 4212 --- [o-auto-1-exec-3] c.m.c.controller.EmployeeController      : Received employee create request for id [f2b3dd2e-13c0-46b4-9dae-dc6b289d7fc6] and employee [com.mindex.challenge.data.Employee@51955451]
2024-11-20 10:16:21.252 DEBUG 4212 --- [o-auto-1-exec-3] c.m.c.service.impl.EmployeeServiceImpl   : Updating employee [com.mindex.challenge.data.Employee@51955451]
]]></system-out>
  <system-err><![CDATA[]]></system-err>
</testsuite>
