<?xml version="1.0" encoding="UTF-8"?>
<testsuite name="com.mindex.challenge.DataBootstrapTest" tests="1" skipped="0" failures="0" errors="0" timestamp="2024-11-18T21:02:54" hostname="MITCH_DELL" time="0.034">
  <properties/>
  <testcase name="test" classname="com.mindex.challenge.DataBootstrapTest" time="0.034"/>
  <system-out><![CDATA[2024-11-18 16:02:54.188  INFO 24876 --- [    Test worker] .b.t.c.SpringBootTestContextBootstrapper : Neither @ContextConfiguration nor @ContextHierarchy found for test class [com.mindex.challenge.DataBootstrapTest], using SpringBootContextLoader
2024-11-18 16:02:54.188  INFO 24876 --- [    Test worker] o.s.t.c.support.AbstractContextLoader    : Could not detect default resource locations for test class [com.mindex.challenge.DataBootstrapTest]: no resource found for suffixes {-context.xml, Context.groovy}.
2024-11-18 16:02:54.188  INFO 24876 --- [    Test worker] t.c.s.AnnotationConfigContextLoaderUtils : Could not detect default configuration classes for test class [com.mindex.challenge.DataBootstrapTest]: DataBootstrapTest does not declare any static, non-private, non-final, nested classes annotated with @Configuration.
2024-11-18 16:02:54.188  INFO 24876 --- [    Test worker] .b.t.c.SpringBootTestContextBootstrapper : Found @SpringBootConfiguration com.mindex.challenge.ChallengeApplication for test class com.mindex.challenge.DataBootstrapTest
2024-11-18 16:02:54.188  INFO 24876 --- [    Test worker] .b.t.c.SpringBootTestContextBootstrapper : Loaded default TestExecutionListener class names from location [META-INF/spring.factories]: [org.springframework.boot.test.autoconfigure.restdocs.RestDocsTestExecutionListener, org.springframework.boot.test.autoconfigure.web.client.MockRestServiceServerResetTestExecutionListener, org.springframework.boot.test.autoconfigure.web.servlet.MockMvcPrintOnlyOnFailureTestExecutionListener, org.springframework.boot.test.autoconfigure.web.servlet.WebDriverTestExecutionListener, org.springframework.boot.test.mock.mockito.MockitoTestExecutionListener, org.springframework.boot.test.mock.mockito.ResetMocksTestExecutionListener, org.springframework.test.context.web.ServletTestExecutionListener, org.springframework.test.context.support.DirtiesContextBeforeModesTestExecutionListener, org.springframework.test.context.support.DependencyInjectionTestExecutionListener, org.springframework.test.context.support.DirtiesContextTestExecutionListener, org.springframework.test.context.transaction.TransactionalTestExecutionListener, org.springframework.test.context.jdbc.SqlScriptsTestExecutionListener, org.springframework.test.context.event.EventPublishingTestExecutionListener]
2024-11-18 16:02:54.188  INFO 24876 --- [    Test worker] .b.t.c.SpringBootTestContextBootstrapper : Using TestExecutionListeners: [org.springframework.test.context.web.ServletTestExecutionListener@22940b2a, org.springframework.test.context.support.DirtiesContextBeforeModesTestExecutionListener@114d4adc, org.springframework.boot.test.mock.mockito.MockitoTestExecutionListener@423ecdf4, org.springframework.boot.test.autoconfigure.SpringBootDependencyInjectionTestExecutionListener@6bd2649b, org.springframework.test.context.support.DirtiesContextTestExecutionListener@699def90, org.springframework.test.context.transaction.TransactionalTestExecutionListener@127d53d5, org.springframework.test.context.jdbc.SqlScriptsTestExecutionListener@26987d03, org.springframework.test.context.event.EventPublishingTestExecutionListener@5e1633f7, org.springframework.boot.test.autoconfigure.restdocs.RestDocsTestExecutionListener@5871b6ca, org.springframework.boot.test.autoconfigure.web.client.MockRestServiceServerResetTestExecutionListener@20eab5ea, org.springframework.boot.test.autoconfigure.web.servlet.MockMvcPrintOnlyOnFailureTestExecutionListener@457fb491, org.springframework.boot.test.autoconfigure.web.servlet.WebDriverTestExecutionListener@2a19be42, org.springframework.boot.test.mock.mockito.ResetMocksTestExecutionListener@7f8b8a2d]
]]></system-out>
  <system-err><![CDATA[]]></system-err>
</testsuite>
