<?xml version="1.0" encoding="UTF-8"?>
<testsuite name="com.mindex.challenge.service.impl.CompensationServiceImplTest" tests="2" skipped="0" failures="0" errors="0" timestamp="2024-11-21T16:05:08" hostname="MITCH_DELL" time="0.015">
  <properties/>
  <testcase name="testGetCompensationByEmployeeId" classname="com.mindex.challenge.service.impl.CompensationServiceImplTest" time="0.012"/>
  <testcase name="testCreateCompensation" classname="com.mindex.challenge.service.impl.CompensationServiceImplTest" time="0.002"/>
  <system-out><![CDATA[2024-11-21 11:05:08.123  INFO 20148 --- [    Test worker] o.s.t.c.s.DefaultTestContextBootstrapper : Neither @ContextConfiguration nor @ContextHierarchy found for test class [com.mindex.challenge.service.impl.CompensationServiceImplTest], using DelegatingSmartContextLoader
2024-11-21 11:05:08.123  INFO 20148 --- [    Test worker] o.s.t.c.support.AbstractContextLoader    : Could not detect default resource locations for test class [com.mindex.challenge.service.impl.CompensationServiceImplTest]: no resource found for suffixes {-context.xml}.
2024-11-21 11:05:08.123  INFO 20148 --- [    Test worker] t.c.s.AnnotationConfigContextLoaderUtils : Could not detect default configuration classes for test class [com.mindex.challenge.service.impl.CompensationServiceImplTest]: CompensationServiceImplTest does not declare any static, non-private, non-final, nested classes annotated with @Configuration.
2024-11-21 11:05:08.123  INFO 20148 --- [    Test worker] o.s.t.c.s.DefaultTestContextBootstrapper : Loaded default TestExecutionListener class names from location [META-INF/spring.factories]: [org.springframework.boot.test.autoconfigure.restdocs.RestDocsTestExecutionListener, org.springframework.boot.test.autoconfigure.web.client.MockRestServiceServerResetTestExecutionListener, org.springframework.boot.test.autoconfigure.web.servlet.MockMvcPrintOnlyOnFailureTestExecutionListener, org.springframework.boot.test.autoconfigure.web.servlet.WebDriverTestExecutionListener, org.springframework.boot.test.mock.mockito.MockitoTestExecutionListener, org.springframework.boot.test.mock.mockito.ResetMocksTestExecutionListener, org.springframework.test.context.web.ServletTestExecutionListener, org.springframework.test.context.support.DirtiesContextBeforeModesTestExecutionListener, org.springframework.test.context.support.DependencyInjectionTestExecutionListener, org.springframework.test.context.support.DirtiesContextTestExecutionListener, org.springframework.test.context.transaction.TransactionalTestExecutionListener, org.springframework.test.context.jdbc.SqlScriptsTestExecutionListener, org.springframework.test.context.event.EventPublishingTestExecutionListener]
2024-11-21 11:05:08.123  INFO 20148 --- [    Test worker] o.s.t.c.s.DefaultTestContextBootstrapper : Using TestExecutionListeners: [org.springframework.test.context.web.ServletTestExecutionListener@6ea47da5, org.springframework.test.context.support.DirtiesContextBeforeModesTestExecutionListener@3e165cb7, org.springframework.boot.test.mock.mockito.MockitoTestExecutionListener@7e751ea6, org.springframework.test.context.support.DependencyInjectionTestExecutionListener@7b936513, org.springframework.test.context.support.DirtiesContextTestExecutionListener@36177691, org.springframework.test.context.transaction.TransactionalTestExecutionListener@3ae87700, org.springframework.test.context.jdbc.SqlScriptsTestExecutionListener@6cbeced5, org.springframework.test.context.event.EventPublishingTestExecutionListener@ce585ac, org.springframework.boot.test.autoconfigure.restdocs.RestDocsTestExecutionListener@14bc95f, org.springframework.boot.test.autoconfigure.web.client.MockRestServiceServerResetTestExecutionListener@78e2fe01, org.springframework.boot.test.autoconfigure.web.servlet.MockMvcPrintOnlyOnFailureTestExecutionListener@62b05fae, org.springframework.boot.test.autoconfigure.web.servlet.WebDriverTestExecutionListener@42d86eb1, org.springframework.boot.test.mock.mockito.ResetMocksTestExecutionListener@1d065684]
]]></system-out>
  <system-err><![CDATA[]]></system-err>
</testsuite>
