<?xml version="1.0" encoding="UTF-8"?>
<testsuite name="CompensationServiceImplTest" tests="2" skipped="0" failures="0" errors="0" timestamp="2024-11-20T20:09:37" hostname="MITCH_DELL" time="0.004">
  <properties/>
  <testcase name="testGetCompensationByEmployeeId" classname="CompensationServiceImplTest" time="0.003"/>
  <testcase name="testCreateCompensation" classname="CompensationServiceImplTest" time="0.001"/>
  <system-out><![CDATA[2024-11-20 15:09:37.479  INFO 19452 --- [    Test worker] o.s.t.c.s.DefaultTestContextBootstrapper : Neither @ContextConfiguration nor @ContextHierarchy found for test class [CompensationServiceImplTest], using DelegatingSmartContextLoader
2024-11-20 15:09:37.479  INFO 19452 --- [    Test worker] o.s.t.c.support.AbstractContextLoader    : Could not detect default resource locations for test class [CompensationServiceImplTest]: no resource found for suffixes {-context.xml}.
2024-11-20 15:09:37.479  INFO 19452 --- [    Test worker] t.c.s.AnnotationConfigContextLoaderUtils : Could not detect default configuration classes for test class [CompensationServiceImplTest]: CompensationServiceImplTest does not declare any static, non-private, non-final, nested classes annotated with @Configuration.
2024-11-20 15:09:37.479  INFO 19452 --- [    Test worker] o.s.t.c.s.DefaultTestContextBootstrapper : Loaded default TestExecutionListener class names from location [META-INF/spring.factories]: [org.springframework.boot.test.autoconfigure.restdocs.RestDocsTestExecutionListener, org.springframework.boot.test.autoconfigure.web.client.MockRestServiceServerResetTestExecutionListener, org.springframework.boot.test.autoconfigure.web.servlet.MockMvcPrintOnlyOnFailureTestExecutionListener, org.springframework.boot.test.autoconfigure.web.servlet.WebDriverTestExecutionListener, org.springframework.boot.test.mock.mockito.MockitoTestExecutionListener, org.springframework.boot.test.mock.mockito.ResetMocksTestExecutionListener, org.springframework.test.context.web.ServletTestExecutionListener, org.springframework.test.context.support.DirtiesContextBeforeModesTestExecutionListener, org.springframework.test.context.support.DependencyInjectionTestExecutionListener, org.springframework.test.context.support.DirtiesContextTestExecutionListener, org.springframework.test.context.transaction.TransactionalTestExecutionListener, org.springframework.test.context.jdbc.SqlScriptsTestExecutionListener, org.springframework.test.context.event.EventPublishingTestExecutionListener]
2024-11-20 15:09:37.479  INFO 19452 --- [    Test worker] o.s.t.c.s.DefaultTestContextBootstrapper : Using TestExecutionListeners: [org.springframework.test.context.web.ServletTestExecutionListener@6f1fd7ed, org.springframework.test.context.support.DirtiesContextBeforeModesTestExecutionListener@6b215855, org.springframework.boot.test.mock.mockito.MockitoTestExecutionListener@2865d74d, org.springframework.test.context.support.DependencyInjectionTestExecutionListener@6e52f439, org.springframework.test.context.support.DirtiesContextTestExecutionListener@7f63e6a1, org.springframework.test.context.transaction.TransactionalTestExecutionListener@1e61eae8, org.springframework.test.context.jdbc.SqlScriptsTestExecutionListener@183889d6, org.springframework.test.context.event.EventPublishingTestExecutionListener@613255d4, org.springframework.boot.test.autoconfigure.restdocs.RestDocsTestExecutionListener@184e1bd, org.springframework.boot.test.autoconfigure.web.client.MockRestServiceServerResetTestExecutionListener@10a36dcf, org.springframework.boot.test.autoconfigure.web.servlet.MockMvcPrintOnlyOnFailureTestExecutionListener@4c893034, org.springframework.boot.test.autoconfigure.web.servlet.WebDriverTestExecutionListener@3fe64084, org.springframework.boot.test.mock.mockito.ResetMocksTestExecutionListener@19c9c7cc]
]]></system-out>
  <system-err><![CDATA[]]></system-err>
</testsuite>
