<?xml version="1.0" encoding="UTF-8"?>
<testsuite name="com.mindex.challenge.DataBootstrapTest" tests="1" skipped="0" failures="0" errors="0" timestamp="2024-11-21T16:05:08" hostname="MITCH_DELL" time="0.053">
  <properties/>
  <testcase name="test" classname="com.mindex.challenge.DataBootstrapTest" time="0.053"/>
  <system-out><![CDATA[2024-11-21 11:05:08.063  INFO 20148 --- [    Test worker] .b.t.c.SpringBootTestContextBootstrapper : Neither @ContextConfiguration nor @ContextHierarchy found for test class [com.mindex.challenge.DataBootstrapTest], using SpringBootContextLoader
2024-11-21 11:05:08.063  INFO 20148 --- [    Test worker] o.s.t.c.support.AbstractContextLoader    : Could not detect default resource locations for test class [com.mindex.challenge.DataBootstrapTest]: no resource found for suffixes {-context.xml, Context.groovy}.
2024-11-21 11:05:08.063  INFO 20148 --- [    Test worker] t.c.s.AnnotationConfigContextLoaderUtils : Could not detect default configuration classes for test class [com.mindex.challenge.DataBootstrapTest]: DataBootstrapTest does not declare any static, non-private, non-final, nested classes annotated with @Configuration.
2024-11-21 11:05:08.063  INFO 20148 --- [    Test worker] .b.t.c.SpringBootTestContextBootstrapper : Found @SpringBootConfiguration com.mindex.challenge.ChallengeApplication for test class com.mindex.challenge.DataBootstrapTest
2024-11-21 11:05:08.063  INFO 20148 --- [    Test worker] .b.t.c.SpringBootTestContextBootstrapper : Loaded default TestExecutionListener class names from location [META-INF/spring.factories]: [org.springframework.boot.test.autoconfigure.restdocs.RestDocsTestExecutionListener, org.springframework.boot.test.autoconfigure.web.client.MockRestServiceServerResetTestExecutionListener, org.springframework.boot.test.autoconfigure.web.servlet.MockMvcPrintOnlyOnFailureTestExecutionListener, org.springframework.boot.test.autoconfigure.web.servlet.WebDriverTestExecutionListener, org.springframework.boot.test.mock.mockito.MockitoTestExecutionListener, org.springframework.boot.test.mock.mockito.ResetMocksTestExecutionListener, org.springframework.test.context.web.ServletTestExecutionListener, org.springframework.test.context.support.DirtiesContextBeforeModesTestExecutionListener, org.springframework.test.context.support.DependencyInjectionTestExecutionListener, org.springframework.test.context.support.DirtiesContextTestExecutionListener, org.springframework.test.context.transaction.TransactionalTestExecutionListener, org.springframework.test.context.jdbc.SqlScriptsTestExecutionListener, org.springframework.test.context.event.EventPublishingTestExecutionListener]
2024-11-21 11:05:08.063  INFO 20148 --- [    Test worker] .b.t.c.SpringBootTestContextBootstrapper : Using TestExecutionListeners: [org.springframework.test.context.web.ServletTestExecutionListener@9643127, org.springframework.test.context.support.DirtiesContextBeforeModesTestExecutionListener@3441e33, org.springframework.boot.test.mock.mockito.MockitoTestExecutionListener@5ea1d427, org.springframework.boot.test.autoconfigure.SpringBootDependencyInjectionTestExecutionListener@cd2d1b5, org.springframework.test.context.support.DirtiesContextTestExecutionListener@24973401, org.springframework.test.context.transaction.TransactionalTestExecutionListener@7011326, org.springframework.test.context.jdbc.SqlScriptsTestExecutionListener@5751ef0d, org.springframework.test.context.event.EventPublishingTestExecutionListener@4d94d32b, org.springframework.boot.test.autoconfigure.restdocs.RestDocsTestExecutionListener@50bed1a4, org.springframework.boot.test.autoconfigure.web.client.MockRestServiceServerResetTestExecutionListener@5fa960b6, org.springframework.boot.test.autoconfigure.web.servlet.MockMvcPrintOnlyOnFailureTestExecutionListener@7d8d5c9, org.springframework.boot.test.autoconfigure.web.servlet.WebDriverTestExecutionListener@6c3e4392, org.springframework.boot.test.mock.mockito.ResetMocksTestExecutionListener@4aab8c40]
]]></system-out>
  <system-err><![CDATA[]]></system-err>
</testsuite>
