<?xml version="1.0" encoding="UTF-8"?>
<testsuite name="com.mindex.challenge.service.impl.CompensationServiceImplTest" tests="2" skipped="0" failures="0" errors="0" timestamp="2024-11-20T20:09:36" hostname="MITCH_DELL" time="0.008">
  <properties/>
  <testcase name="testGetCompensationByEmployeeId" classname="com.mindex.challenge.service.impl.CompensationServiceImplTest" time="0.005"/>
  <testcase name="testCreateCompensation" classname="com.mindex.challenge.service.impl.CompensationServiceImplTest" time="0.002"/>
  <system-out><![CDATA[2024-11-20 15:09:36.659  INFO 19452 --- [    Test worker] o.s.t.c.s.DefaultTestContextBootstrapper : Neither @ContextConfiguration nor @ContextHierarchy found for test class [com.mindex.challenge.service.impl.CompensationServiceImplTest], using DelegatingSmartContextLoader
2024-11-20 15:09:36.659  INFO 19452 --- [    Test worker] o.s.t.c.support.AbstractContextLoader    : Could not detect default resource locations for test class [com.mindex.challenge.service.impl.CompensationServiceImplTest]: no resource found for suffixes {-context.xml}.
2024-11-20 15:09:36.659  INFO 19452 --- [    Test worker] t.c.s.AnnotationConfigContextLoaderUtils : Could not detect default configuration classes for test class [com.mindex.challenge.service.impl.CompensationServiceImplTest]: CompensationServiceImplTest does not declare any static, non-private, non-final, nested classes annotated with @Configuration.
2024-11-20 15:09:36.659  INFO 19452 --- [    Test worker] o.s.t.c.s.DefaultTestContextBootstrapper : Loaded default TestExecutionListener class names from location [META-INF/spring.factories]: [org.springframework.boot.test.autoconfigure.restdocs.RestDocsTestExecutionListener, org.springframework.boot.test.autoconfigure.web.client.MockRestServiceServerResetTestExecutionListener, org.springframework.boot.test.autoconfigure.web.servlet.MockMvcPrintOnlyOnFailureTestExecutionListener, org.springframework.boot.test.autoconfigure.web.servlet.WebDriverTestExecutionListener, org.springframework.boot.test.mock.mockito.MockitoTestExecutionListener, org.springframework.boot.test.mock.mockito.ResetMocksTestExecutionListener, org.springframework.test.context.web.ServletTestExecutionListener, org.springframework.test.context.support.DirtiesContextBeforeModesTestExecutionListener, org.springframework.test.context.support.DependencyInjectionTestExecutionListener, org.springframework.test.context.support.DirtiesContextTestExecutionListener, org.springframework.test.context.transaction.TransactionalTestExecutionListener, org.springframework.test.context.jdbc.SqlScriptsTestExecutionListener, org.springframework.test.context.event.EventPublishingTestExecutionListener]
2024-11-20 15:09:36.659  INFO 19452 --- [    Test worker] o.s.t.c.s.DefaultTestContextBootstrapper : Using TestExecutionListeners: [org.springframework.test.context.web.ServletTestExecutionListener@5aeefda0, org.springframework.test.context.support.DirtiesContextBeforeModesTestExecutionListener@c349399, org.springframework.boot.test.mock.mockito.MockitoTestExecutionListener@256aed89, org.springframework.test.context.support.DependencyInjectionTestExecutionListener@4f768f6b, org.springframework.test.context.support.DirtiesContextTestExecutionListener@62d868d8, org.springframework.test.context.transaction.TransactionalTestExecutionListener@4a589741, org.springframework.test.context.jdbc.SqlScriptsTestExecutionListener@382c3d26, org.springframework.test.context.event.EventPublishingTestExecutionListener@435ae09f, org.springframework.boot.test.autoconfigure.restdocs.RestDocsTestExecutionListener@6265de84, org.springframework.boot.test.autoconfigure.web.client.MockRestServiceServerResetTestExecutionListener@6c09bf16, org.springframework.boot.test.autoconfigure.web.servlet.MockMvcPrintOnlyOnFailureTestExecutionListener@35957abc, org.springframework.boot.test.autoconfigure.web.servlet.WebDriverTestExecutionListener@215f3a89, org.springframework.boot.test.mock.mockito.ResetMocksTestExecutionListener@6d0241d8]
]]></system-out>
  <system-err><![CDATA[]]></system-err>
</testsuite>
