<?xml version="1.0" encoding="UTF-8"?>
<testsuite name="com.mindex.challenge.service.impl.EmployeeServiceImplTest" tests="1" skipped="0" failures="0" errors="0" timestamp="2024-11-18T21:02:55" hostname="MITCH_DELL" time="0.152">
  <properties/>
  <testcase name="testCreateReadUpdate" classname="com.mindex.challenge.service.impl.EmployeeServiceImplTest" time="0.152"/>
  <system-out><![CDATA[2024-11-18 16:02:54.236  INFO 24876 --- [    Test worker] .b.t.c.SpringBootTestContextBootstrapper : Neither @ContextConfiguration nor @ContextHierarchy found for test class [com.mindex.challenge.service.impl.EmployeeServiceImplTest], using SpringBootContextLoader
2024-11-18 16:02:54.236  INFO 24876 --- [    Test worker] o.s.t.c.support.AbstractContextLoader    : Could not detect default resource locations for test class [com.mindex.challenge.service.impl.EmployeeServiceImplTest]: no resource found for suffixes {-context.xml, Context.groovy}.
2024-11-18 16:02:54.236  INFO 24876 --- [    Test worker] t.c.s.AnnotationConfigContextLoaderUtils : Could not detect default configuration classes for test class [com.mindex.challenge.service.impl.EmployeeServiceImplTest]: EmployeeServiceImplTest does not declare any static, non-private, non-final, nested classes annotated with @Configuration.
2024-11-18 16:02:54.236  INFO 24876 --- [    Test worker] .b.t.c.SpringBootTestContextBootstrapper : Found @SpringBootConfiguration com.mindex.challenge.ChallengeApplication for test class com.mindex.challenge.service.impl.EmployeeServiceImplTest
2024-11-18 16:02:54.236  INFO 24876 --- [    Test worker] .b.t.c.SpringBootTestContextBootstrapper : Loaded default TestExecutionListener class names from location [META-INF/spring.factories]: [org.springframework.boot.test.autoconfigure.restdocs.RestDocsTestExecutionListener, org.springframework.boot.test.autoconfigure.web.client.MockRestServiceServerResetTestExecutionListener, org.springframework.boot.test.autoconfigure.web.servlet.MockMvcPrintOnlyOnFailureTestExecutionListener, org.springframework.boot.test.autoconfigure.web.servlet.WebDriverTestExecutionListener, org.springframework.boot.test.mock.mockito.MockitoTestExecutionListener, org.springframework.boot.test.mock.mockito.ResetMocksTestExecutionListener, org.springframework.test.context.web.ServletTestExecutionListener, org.springframework.test.context.support.DirtiesContextBeforeModesTestExecutionListener, org.springframework.test.context.support.DependencyInjectionTestExecutionListener, org.springframework.test.context.support.DirtiesContextTestExecutionListener, org.springframework.test.context.transaction.TransactionalTestExecutionListener, org.springframework.test.context.jdbc.SqlScriptsTestExecutionListener, org.springframework.test.context.event.EventPublishingTestExecutionListener]
2024-11-18 16:02:54.236  INFO 24876 --- [    Test worker] .b.t.c.SpringBootTestContextBootstrapper : Using TestExecutionListeners: [org.springframework.test.context.web.ServletTestExecutionListener@1ffd3034, org.springframework.test.context.support.DirtiesContextBeforeModesTestExecutionListener@3a63535a, org.springframework.boot.test.mock.mockito.MockitoTestExecutionListener@61aba2dc, org.springframework.boot.test.autoconfigure.SpringBootDependencyInjectionTestExecutionListener@4d733d25, org.springframework.test.context.support.DirtiesContextTestExecutionListener@3bf9c82f, org.springframework.test.context.transaction.TransactionalTestExecutionListener@1b20b589, org.springframework.test.context.jdbc.SqlScriptsTestExecutionListener@27a14973, org.springframework.test.context.event.EventPublishingTestExecutionListener@736fc2b7, org.springframework.boot.test.autoconfigure.restdocs.RestDocsTestExecutionListener@622c445, org.springframework.boot.test.autoconfigure.web.client.MockRestServiceServerResetTestExecutionListener@18b0a5f5, org.springframework.boot.test.autoconfigure.web.servlet.MockMvcPrintOnlyOnFailureTestExecutionListener@35778d41, org.springframework.boot.test.autoconfigure.web.servlet.WebDriverTestExecutionListener@38009b22, org.springframework.boot.test.mock.mockito.ResetMocksTestExecutionListener@2890608b]

  .   ____          _            __ _ _
 /\\ / ___'_ __ _ _(_)_ __  __ _ \ \ \ \
( ( )\___ | '_ | '_| | '_ \/ _` | \ \ \ \
 \\/  ___)| |_)| | | | | || (_| |  ) ) ) )
  '  |____| .__|_| |_|_| |_\__, | / / / /
 =========|_|==============|___/=/_/_/_/
 :: Spring Boot ::        (v2.2.0.RELEASE)

2024-11-18 16:02:54.267  INFO 24876 --- [    Test worker] c.m.c.s.impl.EmployeeServiceImplTest     : Starting EmployeeServiceImplTest on Mitch_Dell with PID 24876 (started by Mitchell in C:\Users\Mitchell\OneDrive\Documents\Job_Search\Mindex_code_challenge\mindex-java-code-challenge\mindex-java-code-challenge)
2024-11-18 16:02:54.267 DEBUG 24876 --- [    Test worker] c.m.c.s.impl.EmployeeServiceImplTest     : Running with Spring Boot v2.2.0.RELEASE, Spring v5.2.0.RELEASE
2024-11-18 16:02:54.267  INFO 24876 --- [    Test worker] c.m.c.s.impl.EmployeeServiceImplTest     : No active profile set, falling back to default profiles: default
2024-11-18 16:02:54.362  INFO 24876 --- [    Test worker] .s.d.r.c.RepositoryConfigurationDelegate : Bootstrapping Spring Data repositories in DEFAULT mode.
2024-11-18 16:02:54.377  INFO 24876 --- [    Test worker] .s.d.r.c.RepositoryConfigurationDelegate : Finished Spring Data repository scanning in 4ms. Found 1 repository interfaces.
2024-11-18 16:02:54.574  INFO 24876 --- [    Test worker] o.s.b.w.embedded.tomcat.TomcatWebServer  : Tomcat initialized with port(s): 0 (http)
2024-11-18 16:02:54.590  INFO 24876 --- [    Test worker] o.apache.catalina.core.StandardService   : Starting service [Tomcat]
2024-11-18 16:02:54.590  INFO 24876 --- [    Test worker] org.apache.catalina.core.StandardEngine  : Starting Servlet engine: [Apache Tomcat/9.0.27]
2024-11-18 16:02:54.701  INFO 24876 --- [    Test worker] o.a.c.c.C.[Tomcat].[localhost].[/]       : Initializing Spring embedded WebApplicationContext
2024-11-18 16:02:54.701  INFO 24876 --- [    Test worker] o.s.web.context.ContextLoader            : Root WebApplicationContext: initialization completed in 434 ms
2024-11-18 16:02:54.812  INFO 24876 --- [    Test worker] de.bwaldvogel.mongo.MongoServer          : started MongoServer(port: 58102, ssl: false)
2024-11-18 16:02:54.812  INFO 24876 --- [    Test worker] org.mongodb.driver.cluster               : Cluster created with settings {hosts=[127.0.0.1:58102], mode=SINGLE, requiredClusterType=UNKNOWN, serverSelectionTimeout='30000 ms', maxWaitQueueSize=500}
2024-11-18 16:02:54.812  INFO 24876 --- [-server-worker1] d.b.mongo.wire.MongoWireProtocolHandler  : client [id: 0x30ef43ec, L:/127.0.0.1:58102 - R:/127.0.0.1:58103] connected
2024-11-18 16:02:54.812  WARN 24876 --- [    Test worker] o.s.data.convert.CustomConversions       : Registering converter from class java.time.LocalDateTime to class java.time.Instant as reading converter although it doesn't convert from a store-supported type! You might wanna check you annotation setup at the converter implementation.
2024-11-18 16:02:54.812  WARN 24876 --- [    Test worker] o.s.data.convert.CustomConversions       : Registering converter from class java.time.Instant to class java.time.LocalDateTime as reading converter although it doesn't convert from a store-supported type! You might wanna check you annotation setup at the converter implementation.
2024-11-18 16:02:54.812  WARN 24876 --- [    Test worker] o.s.data.convert.CustomConversions       : Registering converter from class java.time.LocalDateTime to class java.time.Instant as reading converter although it doesn't convert from a store-supported type! You might wanna check you annotation setup at the converter implementation.
2024-11-18 16:02:54.812  WARN 24876 --- [    Test worker] o.s.data.convert.CustomConversions       : Registering converter from class java.time.Instant to class java.time.LocalDateTime as reading converter although it doesn't convert from a store-supported type! You might wanna check you annotation setup at the converter implementation.
2024-11-18 16:02:54.828  INFO 24876 --- [127.0.0.1:58102] org.mongodb.driver.connection            : Opened connection [connectionId{localValue:3}] to 127.0.0.1:58102
2024-11-18 16:02:54.828  INFO 24876 --- [127.0.0.1:58102] org.mongodb.driver.cluster               : Monitor thread successfully connected to server with description ServerDescription{address=127.0.0.1:58102, type=STANDALONE, state=CONNECTED, ok=true, version=ServerVersion{versionList=[3, 0, 0]}, minWireVersion=0, maxWireVersion=2, maxDocumentSize=16777216, logicalSessionTimeoutMinutes=null, roundTripTimeNanos=623500}
2024-11-18 16:02:54.861  INFO 24876 --- [-server-worker2] d.b.mongo.wire.MongoWireProtocolHandler  : client [id: 0x63fccbf1, L:/127.0.0.1:58102 - R:/127.0.0.1:58104] connected
2024-11-18 16:02:54.876  INFO 24876 --- [    Test worker] org.mongodb.driver.connection            : Opened connection [connectionId{localValue:4}] to 127.0.0.1:58102
2024-11-18 16:02:54.876  INFO 24876 --- [-server-worker2] d.b.mongo.backend.AbstractMongoBackend   : created database test
2024-11-18 16:02:54.876  INFO 24876 --- [-server-worker2] d.b.mongo.backend.AbstractMongoDatabase  : adding unique _id index for collection employee
2024-11-18 16:02:54.876  INFO 24876 --- [-server-worker2] d.b.mongo.backend.AbstractMongoDatabase  : created collection test.employee
2024-11-18 16:02:54.958  INFO 24876 --- [    Test worker] o.s.s.concurrent.ThreadPoolTaskExecutor  : Initializing ExecutorService 'applicationTaskExecutor'
2024-11-18 16:02:55.034  WARN 24876 --- [    Test worker] o.s.data.convert.CustomConversions       : Registering converter from class java.time.LocalDateTime to class java.time.Instant as reading converter although it doesn't convert from a store-supported type! You might wanna check you annotation setup at the converter implementation.
2024-11-18 16:02:55.034  WARN 24876 --- [    Test worker] o.s.data.convert.CustomConversions       : Registering converter from class java.time.Instant to class java.time.LocalDateTime as reading converter although it doesn't convert from a store-supported type! You might wanna check you annotation setup at the converter implementation.
2024-11-18 16:02:55.034  WARN 24876 --- [    Test worker] o.s.data.convert.CustomConversions       : Registering converter from class java.time.LocalDateTime to class java.time.Instant as reading converter although it doesn't convert from a store-supported type! You might wanna check you annotation setup at the converter implementation.
2024-11-18 16:02:55.034  WARN 24876 --- [    Test worker] o.s.data.convert.CustomConversions       : Registering converter from class java.time.Instant to class java.time.LocalDateTime as reading converter although it doesn't convert from a store-supported type! You might wanna check you annotation setup at the converter implementation.
2024-11-18 16:02:55.101  INFO 24876 --- [    Test worker] o.s.b.w.embedded.tomcat.TomcatWebServer  : Tomcat started on port(s): 58105 (http) with context path ''
2024-11-18 16:02:55.101  INFO 24876 --- [    Test worker] c.m.c.s.impl.EmployeeServiceImplTest     : Started EmployeeServiceImplTest in 0.856 seconds (JVM running for 4.378)
2024-11-18 16:02:55.196  INFO 24876 --- [o-auto-1-exec-1] o.a.c.c.C.[Tomcat].[localhost].[/]       : Initializing Spring DispatcherServlet 'dispatcherServlet'
2024-11-18 16:02:55.196  INFO 24876 --- [o-auto-1-exec-1] o.s.web.servlet.DispatcherServlet        : Initializing Servlet 'dispatcherServlet'
2024-11-18 16:02:55.212  INFO 24876 --- [o-auto-1-exec-1] o.s.web.servlet.DispatcherServlet        : Completed initialization in 16 ms
2024-11-18 16:02:55.228 DEBUG 24876 --- [o-auto-1-exec-1] c.m.c.controller.EmployeeController      : Received employee create request for [com.mindex.challenge.data.Employee@3303b57f]
2024-11-18 16:02:55.228 DEBUG 24876 --- [o-auto-1-exec-1] c.m.c.service.impl.EmployeeServiceImpl   : Creating employee [com.mindex.challenge.data.Employee@3303b57f]
2024-11-18 16:02:55.244 DEBUG 24876 --- [o-auto-1-exec-2] c.m.c.controller.EmployeeController      : Received employee create request for id [4e7cc0c3-1cda-45b5-a248-fb7356f2f4f0]
2024-11-18 16:02:55.244 DEBUG 24876 --- [o-auto-1-exec-2] c.m.c.service.impl.EmployeeServiceImpl   : Creating employee with id [4e7cc0c3-1cda-45b5-a248-fb7356f2f4f0]
2024-11-18 16:02:55.260 DEBUG 24876 --- [o-auto-1-exec-3] c.m.c.controller.EmployeeController      : Received employee create request for id [4e7cc0c3-1cda-45b5-a248-fb7356f2f4f0] and employee [com.mindex.challenge.data.Employee@2f8c910d]
2024-11-18 16:02:55.260 DEBUG 24876 --- [o-auto-1-exec-3] c.m.c.service.impl.EmployeeServiceImpl   : Updating employee [com.mindex.challenge.data.Employee@2f8c910d]
]]></system-out>
  <system-err><![CDATA[]]></system-err>
</testsuite>
