<?xml version="1.0" encoding="UTF-8"?>
<testsuite name="com.mindex.challenge.DataBootstrapTest" tests="1" skipped="0" failures="0" errors="0" timestamp="2024-11-20T15:16:20" hostname="MITCH_DELL" time="0.038">
  <properties/>
  <testcase name="test" classname="com.mindex.challenge.DataBootstrapTest" time="0.038"/>
  <system-out><![CDATA[2024-11-20 10:16:20.010  INFO 4212 --- [    Test worker] .b.t.c.SpringBootTestContextBootstrapper : Neither @ContextConfiguration nor @ContextHierarchy found for test class [com.mindex.challenge.DataBootstrapTest], using SpringBootContextLoader
2024-11-20 10:16:20.010  INFO 4212 --- [    Test worker] o.s.t.c.support.AbstractContextLoader    : Could not detect default resource locations for test class [com.mindex.challenge.DataBootstrapTest]: no resource found for suffixes {-context.xml, Context.groovy}.
2024-11-20 10:16:20.010  INFO 4212 --- [    Test worker] t.c.s.AnnotationConfigContextLoaderUtils : Could not detect default configuration classes for test class [com.mindex.challenge.DataBootstrapTest]: DataBootstrapTest does not declare any static, non-private, non-final, nested classes annotated with @Configuration.
2024-11-20 10:16:20.010  INFO 4212 --- [    Test worker] .b.t.c.SpringBootTestContextBootstrapper : Found @SpringBootConfiguration com.mindex.challenge.ChallengeApplication for test class com.mindex.challenge.DataBootstrapTest
2024-11-20 10:16:20.010  INFO 4212 --- [    Test worker] .b.t.c.SpringBootTestContextBootstrapper : Loaded default TestExecutionListener class names from location [META-INF/spring.factories]: [org.springframework.boot.test.autoconfigure.restdocs.RestDocsTestExecutionListener, org.springframework.boot.test.autoconfigure.web.client.MockRestServiceServerResetTestExecutionListener, org.springframework.boot.test.autoconfigure.web.servlet.MockMvcPrintOnlyOnFailureTestExecutionListener, org.springframework.boot.test.autoconfigure.web.servlet.WebDriverTestExecutionListener, org.springframework.boot.test.mock.mockito.MockitoTestExecutionListener, org.springframework.boot.test.mock.mockito.ResetMocksTestExecutionListener, org.springframework.test.context.web.ServletTestExecutionListener, org.springframework.test.context.support.DirtiesContextBeforeModesTestExecutionListener, org.springframework.test.context.support.DependencyInjectionTestExecutionListener, org.springframework.test.context.support.DirtiesContextTestExecutionListener, org.springframework.test.context.transaction.TransactionalTestExecutionListener, org.springframework.test.context.jdbc.SqlScriptsTestExecutionListener, org.springframework.test.context.event.EventPublishingTestExecutionListener]
2024-11-20 10:16:20.010  INFO 4212 --- [    Test worker] .b.t.c.SpringBootTestContextBootstrapper : Using TestExecutionListeners: [org.springframework.test.context.web.ServletTestExecutionListener@23b12fe6, org.springframework.test.context.support.DirtiesContextBeforeModesTestExecutionListener@1a4e7238, org.springframework.boot.test.mock.mockito.MockitoTestExecutionListener@3fda4c34, org.springframework.boot.test.autoconfigure.SpringBootDependencyInjectionTestExecutionListener@ef1d934, org.springframework.test.context.support.DirtiesContextTestExecutionListener@24150913, org.springframework.test.context.transaction.TransactionalTestExecutionListener@4da3601b, org.springframework.test.context.jdbc.SqlScriptsTestExecutionListener@20f53e77, org.springframework.test.context.event.EventPublishingTestExecutionListener@204d6b24, org.springframework.boot.test.autoconfigure.restdocs.RestDocsTestExecutionListener@2c9ca3af, org.springframework.boot.test.autoconfigure.web.client.MockRestServiceServerResetTestExecutionListener@7a69ad9f, org.springframework.boot.test.autoconfigure.web.servlet.MockMvcPrintOnlyOnFailureTestExecutionListener@73663223, org.springframework.boot.test.autoconfigure.web.servlet.WebDriverTestExecutionListener@38397320, org.springframework.boot.test.mock.mockito.ResetMocksTestExecutionListener@71f13e53]
]]></system-out>
  <system-err><![CDATA[]]></system-err>
</testsuite>
