<?xml version="1.0" encoding="UTF-8"?>
<testsuite name="com.mindex.challenge.service.impl.ReportingStructureServiceImplTest" tests="2" skipped="0" failures="0" errors="0" timestamp="2024-11-21T16:05:09" hostname="MITCH_DELL" time="0.007">
  <properties/>
  <testcase name="testCalculateNumberOfReports_NoReports" classname="com.mindex.challenge.service.impl.ReportingStructureServiceImplTest" time="0.002"/>
  <testcase name="testCalculateNumberOfReports" classname="com.mindex.challenge.service.impl.ReportingStructureServiceImplTest" time="0.003"/>
  <system-out><![CDATA[2024-11-21 11:05:09.584  INFO 20148 --- [    Test worker] o.s.t.c.s.DefaultTestContextBootstrapper : Neither @ContextConfiguration nor @ContextHierarchy found for test class [com.mindex.challenge.service.impl.ReportingStructureServiceImplTest], using DelegatingSmartContextLoader
2024-11-21 11:05:09.584  INFO 20148 --- [    Test worker] o.s.t.c.support.AbstractContextLoader    : Could not detect default resource locations for test class [com.mindex.challenge.service.impl.ReportingStructureServiceImplTest]: no resource found for suffixes {-context.xml}.
2024-11-21 11:05:09.584  INFO 20148 --- [    Test worker] t.c.s.AnnotationConfigContextLoaderUtils : Could not detect default configuration classes for test class [com.mindex.challenge.service.impl.ReportingStructureServiceImplTest]: ReportingStructureServiceImplTest does not declare any static, non-private, non-final, nested classes annotated with @Configuration.
2024-11-21 11:05:09.592  INFO 20148 --- [    Test worker] o.s.t.c.s.DefaultTestContextBootstrapper : Loaded default TestExecutionListener class names from location [META-INF/spring.factories]: [org.springframework.boot.test.autoconfigure.restdocs.RestDocsTestExecutionListener, org.springframework.boot.test.autoconfigure.web.client.MockRestServiceServerResetTestExecutionListener, org.springframework.boot.test.autoconfigure.web.servlet.MockMvcPrintOnlyOnFailureTestExecutionListener, org.springframework.boot.test.autoconfigure.web.servlet.WebDriverTestExecutionListener, org.springframework.boot.test.mock.mockito.MockitoTestExecutionListener, org.springframework.boot.test.mock.mockito.ResetMocksTestExecutionListener, org.springframework.test.context.web.ServletTestExecutionListener, org.springframework.test.context.support.DirtiesContextBeforeModesTestExecutionListener, org.springframework.test.context.support.DependencyInjectionTestExecutionListener, org.springframework.test.context.support.DirtiesContextTestExecutionListener, org.springframework.test.context.transaction.TransactionalTestExecutionListener, org.springframework.test.context.jdbc.SqlScriptsTestExecutionListener, org.springframework.test.context.event.EventPublishingTestExecutionListener]
2024-11-21 11:05:09.593  INFO 20148 --- [    Test worker] o.s.t.c.s.DefaultTestContextBootstrapper : Using TestExecutionListeners: [org.springframework.test.context.web.ServletTestExecutionListener@1ccfb940, org.springframework.test.context.support.DirtiesContextBeforeModesTestExecutionListener@7d598ed0, org.springframework.boot.test.mock.mockito.MockitoTestExecutionListener@1734e410, org.springframework.test.context.support.DependencyInjectionTestExecutionListener@561762fe, org.springframework.test.context.support.DirtiesContextTestExecutionListener@37f3c4c5, org.springframework.test.context.transaction.TransactionalTestExecutionListener@6ede3e5, org.springframework.test.context.jdbc.SqlScriptsTestExecutionListener@36c9934c, org.springframework.test.context.event.EventPublishingTestExecutionListener@5ba407f9, org.springframework.boot.test.autoconfigure.restdocs.RestDocsTestExecutionListener@72d835a4, org.springframework.boot.test.autoconfigure.web.client.MockRestServiceServerResetTestExecutionListener@1b4312d1, org.springframework.boot.test.autoconfigure.web.servlet.MockMvcPrintOnlyOnFailureTestExecutionListener@616aa106, org.springframework.boot.test.autoconfigure.web.servlet.WebDriverTestExecutionListener@1a8ae91d, org.springframework.boot.test.mock.mockito.ResetMocksTestExecutionListener@29cc9afd]
]]></system-out>
  <system-err><![CDATA[]]></system-err>
</testsuite>
